<?xml version="1.0" encoding="UTF-8"?>
<!-- Generated by org.testng.reporters.JUnitReportReporter -->
<testsuite hostname="DESKTOP-7VDIHJA" failures="0" tests="1" name="testCases.testDriver" time="2.186" errors="0" timestamp="2023-11-26T00:08:38 BDT" skipped="0">
  <testcase classname="testCases.testDriver" name="testHomePageLogInButton" time="2.186"/>
</testsuite> <!-- testCases.testDriver -->
