<?xml version="1.0" encoding="UTF-8"?>
<!-- Generated by org.testng.reporters.JUnitReportReporter -->
<testsuite hostname="DESKTOP-7VDIHJA" failures="0" tests="1" name="testCases.testDriver" time="2.205" errors="0" timestamp="2023-11-15T10:03:10 BDT" skipped="0">
  <testcase classname="testCases.testDriver" name="testHomePageTitle" time="2.205"/>
</testsuite> <!-- testCases.testDriver -->
