<?xml version="1.0" encoding="UTF-8"?>
<!-- Generated by org.testng.reporters.JUnitReportReporter -->
<testsuite hostname="DESKTOP-7VDIHJA" failures="0" tests="1" name="testCases.testResigtration" time="3.647" errors="0" timestamp="2023-11-26T12:04:57 BDT" skipped="0">
  <testcase classname="testCases.testResigtration" name="testUserRegistrationProcess" time="3.647"/>
</testsuite> <!-- testCases.testResigtration -->
